<?xml version="1.0" encoding="UTF-8"?>
<testsuites name="TS10" time="46.043" tests="1" failures="0" errors="0">
   <testsuite name="TS10" tests="1" failures="0" errors="0" time="46.043" skipped="0" timestamp="24-07-2024T11:57:03" hostname="1331 - LAPTOP-LAHGLE5C" id="Test Suites/WEBTEST/TS10">
      <properties>
[...]
</properties>
      <testcase name="Test Cases/WebTest/TC10" time="45.896" classname="Test Cases/WebTest/TC10" status="PASSED">
         <system-out><![CDATA[24-07-2024T11:57:03 - [TEST_CASE][PASSED] - Test Cases/WebTest/TC10: Test Cases/WebTest/TC10

24-07-2024T11:57:03 - [TEST_STEP][PASSED] - openBrowser("www.wikipedia.org"): Browser is opened with url: 'www.wikipedia.org'

24-07-2024T11:57:04 - [MESSAGE][INFO] - User set preference: ['os', 'windows']

24-07-2024T11:57:04 - [MESSAGE][INFO] - User set preference: ['browserVersion', '125']

24-07-2024T11:57:04 - [MESSAGE][INFO] - User set preference: ['browserName', 'chrome']

24-07-2024T11:57:04 - [MESSAGE][INFO] - User set preference: ['katalon:option', '{organizationId=1577787, usingTunnel=false}']

24-07-2024T11:57:04 - [MESSAGE][INFO] - Connecting to remote web server 'testcloud.katalon.com/hub' with type 'Selenium'

24-07-2024T11:57:04 - [MESSAGE][INFO] - Action delay is set to 0 milliseconds

24-07-2024T11:57:26 - [MESSAGE][PASSED] - Browser is opened with url: 'www.wikipedia.org'

24-07-2024T11:57:26 - [TEST_STEP][PASSED] - maximizeWindow(): Current window maximized

24-07-2024T11:57:26 - [MESSAGE][PASSED] - Current window maximized

24-07-2024T11:57:26 - [TEST_STEP][PASSED] - click(findTestObject("Page_Wikipedia/button_English")): Object: 'Object Repository/Page_Wikipedia/button_English' is clicked on

24-07-2024T11:57:28 - [MESSAGE][PASSED] - Object: 'Object Repository/Page_Wikipedia/button_English' is clicked on

24-07-2024T11:57:28 - [TEST_STEP][PASSED] - waitForElementPresent(findTestObject("Page_Wikipedia/icon_Search"), 0): Object 'Object Repository/Page_Wikipedia/icon_Search' is present

24-07-2024T11:57:28 - [MESSAGE][WARNING] - Timeout '0' is invalid. Using default page load timeout: '30'

24-07-2024T11:57:30 - [MESSAGE][PASSED] - Object 'Object Repository/Page_Wikipedia/icon_Search' is present

24-07-2024T11:57:30 - [TEST_STEP][PASSED] - delay(0): Delayed 0 second(s)

24-07-2024T11:57:30 - [MESSAGE][PASSED] - Delayed 0 second(s)

24-07-2024T11:57:30 - [TEST_STEP][PASSED] - takeScreenshotAsCheckpoint("First Page Wikipedia"): Taking screenshot successfully

24-07-2024T11:57:34 - [MESSAGE][INFO] - 0 hidden object(s)

24-07-2024T11:57:34 - [MESSAGE][PASSED] - Taking screenshot successfully
[[ATTACHMENT|keyes\keyes-First Page Wikipedia.png]]

24-07-2024T11:57:34 - [TEST_STEP][PASSED] - setText(findTestObject("Page_Wikipedia/input_Search"), "Tom Holland"): Text 'Tom Holland' is set on object 'Object Repository/Page_Wikipedia/input_Search'

24-07-2024T11:57:37 - [MESSAGE][PASSED] - Text 'Tom Holland' is set on object 'Object Repository/Page_Wikipedia/input_Search'

24-07-2024T11:57:37 - [TEST_STEP][PASSED] - sendKeys(findTestObject("Page_Wikipedia/input_Search"), Keys.chord(ENTER)): Keys 'ENTER + ' sent to object: 'Object Repository/Page_Wikipedia/input_Search'

24-07-2024T11:57:39 - [MESSAGE][PASSED] - Keys 'ENTER + ' sent to object: 'Object Repository/Page_Wikipedia/input_Search'

24-07-2024T11:57:39 - [TEST_STEP][PASSED] - delay(5, STOP_ON_FAILURE): Delayed 5 second(s)

24-07-2024T11:57:44 - [MESSAGE][PASSED] - Delayed 5 second(s)

24-07-2024T11:57:44 - [TEST_STEP][PASSED] - takeScreenshotAsCheckpoint("Second Page Wikipedia"): Taking screenshot successfully

24-07-2024T11:57:48 - [MESSAGE][INFO] - 0 hidden object(s)

24-07-2024T11:57:48 - [MESSAGE][PASSED] - Taking screenshot successfully
[[ATTACHMENT|keyes\keyes-Second Page Wikipedia.png]]

24-07-2024T11:57:48 - [TEST_STEP][PASSED] - closeBrowser(): Browser is closed

24-07-2024T11:57:49 - [MESSAGE][PASSED] - Browser is closed]]></system-out>
         <system-err><![CDATA[]]></system-err>
      </testcase>
      <system-out><![CDATA[24-07-2024T11:57:03 - [TEST_SUITE][PASSED] - TS10: Test Cases/WebTest/TC10]]></system-out>
      <system-err><![CDATA[]]></system-err>
   </testsuite>
</testsuites>
